{"/vercel/share/v0-project/src/components/shared/utils/routes/routes.ts": {"path":"/vercel/share/v0-project/src/components/shared/utils/routes/routes.ts","all":false,"statementMap":{"0":{"start":{"line":1,"column":0},"end":{"line":1,"column":86}},"1":{"start":{"line":2,"column":0},"end":{"line":2,"column":38}},"2":{"start":{"line":3,"column":0},"end":{"line":3,"column":0}},"3":{"start":{"line":4,"column":0},"end":{"line":4,"column":24}},"4":{"start":{"line":5,"column":0},"end":{"line":5,"column":49}},"5":{"start":{"line":6,"column":0},"end":{"line":6,"column":43}},"6":{"start":{"line":7,"column":0},"end":{"line":7,"column":1}},"7":{"start":{"line":8,"column":0},"end":{"line":8,"column":0}},"8":{"start":{"line":9,"column":0},"end":{"line":9,"column":48}},"9":{"start":{"line":10,"column":0},"end":{"line":10,"column":15}},"10":{"start":{"line":11,"column":0},"end":{"line":11,"column":45}},"11":{"start":{"line":12,"column":0},"end":{"line":12,"column":21}},"12":{"start":{"line":13,"column":0},"end":{"line":13,"column":35}},"13":{"start":{"line":14,"column":0},"end":{"line":14,"column":35}},"14":{"start":{"line":15,"column":0},"end":{"line":15,"column":37}},"15":{"start":{"line":16,"column":0},"end":{"line":16,"column":10}},"16":{"start":{"line":17,"column":0},"end":{"line":17,"column":6}},"17":{"start":{"line":18,"column":0},"end":{"line":18,"column":18}},"18":{"start":{"line":19,"column":0},"end":{"line":19,"column":18}},"19":{"start":{"line":20,"column":0},"end":{"line":20,"column":55}},"20":{"start":{"line":21,"column":0},"end":{"line":21,"column":55}},"21":{"start":{"line":22,"column":0},"end":{"line":22,"column":57}},"22":{"start":{"line":23,"column":0},"end":{"line":23,"column":10}},"23":{"start":{"line":24,"column":0},"end":{"line":24,"column":21}},"24":{"start":{"line":25,"column":0},"end":{"line":25,"column":47}},"25":{"start":{"line":26,"column":0},"end":{"line":26,"column":47}},"26":{"start":{"line":27,"column":0},"end":{"line":27,"column":49}},"27":{"start":{"line":28,"column":0},"end":{"line":28,"column":10}},"28":{"start":{"line":29,"column":0},"end":{"line":29,"column":6}},"29":{"start":{"line":30,"column":0},"end":{"line":30,"column":15}},"30":{"start":{"line":31,"column":0},"end":{"line":31,"column":49}},"31":{"start":{"line":32,"column":0},"end":{"line":32,"column":21}},"32":{"start":{"line":33,"column":0},"end":{"line":33,"column":39}},"33":{"start":{"line":34,"column":0},"end":{"line":34,"column":39}},"34":{"start":{"line":35,"column":0},"end":{"line":35,"column":41}},"35":{"start":{"line":36,"column":0},"end":{"line":36,"column":10}},"36":{"start":{"line":37,"column":0},"end":{"line":37,"column":6}},"37":{"start":{"line":38,"column":0},"end":{"line":38,"column":16}},"38":{"start":{"line":39,"column":0},"end":{"line":39,"column":50}},"39":{"start":{"line":40,"column":0},"end":{"line":40,"column":21}},"40":{"start":{"line":41,"column":0},"end":{"line":41,"column":74}},"41":{"start":{"line":42,"column":0},"end":{"line":42,"column":74}},"42":{"start":{"line":43,"column":0},"end":{"line":43,"column":42}},"43":{"start":{"line":44,"column":0},"end":{"line":44,"column":10}},"44":{"start":{"line":45,"column":0},"end":{"line":45,"column":6}},"45":{"start":{"line":46,"column":0},"end":{"line":46,"column":19}},"46":{"start":{"line":47,"column":0},"end":{"line":47,"column":53}},"47":{"start":{"line":48,"column":0},"end":{"line":48,"column":21}},"48":{"start":{"line":49,"column":0},"end":{"line":49,"column":77}},"49":{"start":{"line":50,"column":0},"end":{"line":50,"column":77}},"50":{"start":{"line":51,"column":0},"end":{"line":51,"column":45}},"51":{"start":{"line":52,"column":0},"end":{"line":52,"column":10}},"52":{"start":{"line":53,"column":0},"end":{"line":53,"column":6}},"53":{"start":{"line":54,"column":0},"end":{"line":54,"column":2}},"54":{"start":{"line":55,"column":0},"end":{"line":55,"column":0}},"55":{"start":{"line":56,"column":0},"end":{"line":56,"column":61}},"56":{"start":{"line":57,"column":0},"end":{"line":57,"column":46}},"57":{"start":{"line":58,"column":0},"end":{"line":58,"column":109}},"58":{"start":{"line":59,"column":0},"end":{"line":59,"column":0}},"59":{"start":{"line":60,"column":0},"end":{"line":60,"column":92}},"60":{"start":{"line":61,"column":0},"end":{"line":61,"column":92}},"61":{"start":{"line":62,"column":0},"end":{"line":62,"column":84}},"62":{"start":{"line":63,"column":0},"end":{"line":63,"column":50}},"63":{"start":{"line":64,"column":0},"end":{"line":64,"column":49}},"64":{"start":{"line":65,"column":0},"end":{"line":65,"column":64}},"65":{"start":{"line":66,"column":0},"end":{"line":66,"column":17}},"66":{"start":{"line":67,"column":0},"end":{"line":67,"column":15}},"67":{"start":{"line":68,"column":0},"end":{"line":68,"column":104}},"68":{"start":{"line":69,"column":0},"end":{"line":69,"column":99}},"69":{"start":{"line":70,"column":0},"end":{"line":70,"column":0}},"70":{"start":{"line":71,"column":0},"end":{"line":71,"column":43}},"71":{"start":{"line":72,"column":0},"end":{"line":72,"column":0}},"72":{"start":{"line":73,"column":0},"end":{"line":73,"column":68}},"73":{"start":{"line":74,"column":0},"end":{"line":74,"column":43}},"74":{"start":{"line":75,"column":0},"end":{"line":75,"column":44}},"75":{"start":{"line":76,"column":0},"end":{"line":76,"column":5}},"76":{"start":{"line":77,"column":0},"end":{"line":77,"column":0}},"77":{"start":{"line":78,"column":0},"end":{"line":78,"column":46}},"78":{"start":{"line":79,"column":0},"end":{"line":79,"column":47}},"79":{"start":{"line":80,"column":0},"end":{"line":80,"column":5}},"80":{"start":{"line":81,"column":0},"end":{"line":81,"column":0}},"81":{"start":{"line":82,"column":0},"end":{"line":82,"column":20}},"82":{"start":{"line":83,"column":0},"end":{"line":83,"column":117}},"83":{"start":{"line":84,"column":0},"end":{"line":84,"column":5}},"84":{"start":{"line":85,"column":0},"end":{"line":85,"column":48}},"85":{"start":{"line":86,"column":0},"end":{"line":86,"column":2}},"86":{"start":{"line":87,"column":0},"end":{"line":87,"column":0}},"87":{"start":{"line":88,"column":0},"end":{"line":88,"column":3}},"88":{"start":{"line":89,"column":0},"end":{"line":89,"column":58}},"89":{"start":{"line":90,"column":0},"end":{"line":90,"column":54}},"90":{"start":{"line":91,"column":0},"end":{"line":91,"column":3}},"91":{"start":{"line":92,"column":0},"end":{"line":92,"column":34}},"92":{"start":{"line":93,"column":0},"end":{"line":93,"column":63}},"93":{"start":{"line":94,"column":0},"end":{"line":94,"column":33}},"94":{"start":{"line":95,"column":0},"end":{"line":95,"column":58}},"95":{"start":{"line":96,"column":0},"end":{"line":96,"column":73}},"96":{"start":{"line":97,"column":0},"end":{"line":97,"column":65}},"97":{"start":{"line":98,"column":0},"end":{"line":98,"column":72}},"98":{"start":{"line":99,"column":0},"end":{"line":99,"column":83}},"99":{"start":{"line":100,"column":0},"end":{"line":100,"column":69}},"100":{"start":{"line":101,"column":0},"end":{"line":101,"column":63}},"101":{"start":{"line":102,"column":0},"end":{"line":102,"column":57}},"102":{"start":{"line":103,"column":0},"end":{"line":103,"column":58}},"103":{"start":{"line":104,"column":0},"end":{"line":104,"column":47}},"104":{"start":{"line":105,"column":0},"end":{"line":105,"column":69}},"105":{"start":{"line":106,"column":0},"end":{"line":106,"column":55}},"106":{"start":{"line":107,"column":0},"end":{"line":107,"column":65}},"107":{"start":{"line":108,"column":0},"end":{"line":108,"column":52}},"108":{"start":{"line":109,"column":0},"end":{"line":109,"column":115}},"109":{"start":{"line":110,"column":0},"end":{"line":110,"column":82}},"110":{"start":{"line":111,"column":0},"end":{"line":111,"column":62}},"111":{"start":{"line":112,"column":0},"end":{"line":112,"column":42}},"112":{"start":{"line":113,"column":0},"end":{"line":113,"column":63}},"113":{"start":{"line":114,"column":0},"end":{"line":114,"column":79}},"114":{"start":{"line":115,"column":0},"end":{"line":115,"column":62}},"115":{"start":{"line":116,"column":0},"end":{"line":116,"column":62}},"116":{"start":{"line":117,"column":0},"end":{"line":117,"column":103}},"117":{"start":{"line":118,"column":0},"end":{"line":118,"column":2}}},"s":{"0":1,"1":1,"2":1,"3":1,"4":1,"5":1,"6":1,"7":1,"8":1,"9":1,"10":1,"11":1,"12":1,"13":1,"14":1,"15":1,"16":1,"17":1,"18":1,"19":1,"20":1,"21":1,"22":1,"23":1,"24":1,"25":1,"26":1,"27":1,"28":1,"29":1,"30":1,"31":1,"32":1,"33":1,"34":1,"35":1,"36":1,"37":1,"38":1,"39":1,"40":1,"41":1,"42":1,"43":1,"44":1,"45":1,"46":1,"47":1,"48":1,"49":1,"50":1,"51":1,"52":1,"53":1,"54":1,"55":1,"56":31,"57":31,"58":31,"59":31,"60":31,"61":31,"62":31,"63":31,"64":31,"65":31,"66":31,"67":31,"68":31,"69":31,"70":31,"71":31,"72":31,"73":31,"74":6,"75":6,"76":25,"77":31,"78":13,"79":13,"80":12,"81":31,"82":3,"83":3,"84":9,"85":9,"86":1,"87":1,"88":1,"89":1,"90":1,"91":1,"92":1,"93":1,"94":1,"95":1,"96":1,"97":1,"98":1,"99":1,"100":1,"101":1,"102":1,"103":1,"104":1,"105":1,"106":1,"107":1,"108":1,"109":1,"110":1,"111":1,"112":1,"113":1,"114":1,"115":1,"116":1,"117":1},"branchMap":{"0":{"type":"branch","line":56,"loc":{"start":{"line":56,"column":30},"end":{"line":86,"column":2}},"locations":[{"start":{"line":56,"column":30},"end":{"line":86,"column":2}}]},"1":{"type":"branch","line":58,"loc":{"start":{"line":58,"column":60},"end":{"line":58,"column":66}},"locations":[{"start":{"line":58,"column":60},"end":{"line":58,"column":66}}]},"2":{"type":"branch","line":58,"loc":{"start":{"line":58,"column":94},"end":{"line":58,"column":100}},"locations":[{"start":{"line":58,"column":94},"end":{"line":58,"column":100}}]},"3":{"type":"branch","line":65,"loc":{"start":{"line":65,"column":42},"end":{"line":65,"column":63}},"locations":[{"start":{"line":65,"column":42},"end":{"line":65,"column":63}}]},"4":{"type":"branch","line":67,"loc":{"start":{"line":67,"column":12},"end":{"line":68,"column":103}},"locations":[{"start":{"line":67,"column":12},"end":{"line":68,"column":103}}]},"5":{"type":"branch","line":68,"loc":{"start":{"line":68,"column":68},"end":{"line":68,"column":102}},"locations":[{"start":{"line":68,"column":68},"end":{"line":68,"column":102}}]},"6":{"type":"branch","line":69,"loc":{"start":{"line":69,"column":34},"end":{"line":69,"column":98}},"locations":[{"start":{"line":69,"column":34},"end":{"line":69,"column":98}}]},"7":{"type":"branch","line":69,"loc":{"start":{"line":69,"column":55},"end":{"line":69,"column":65}},"locations":[{"start":{"line":69,"column":55},"end":{"line":69,"column":65}}]},"8":{"type":"branch","line":69,"loc":{"start":{"line":69,"column":65},"end":{"line":69,"column":97}},"locations":[{"start":{"line":69,"column":65},"end":{"line":69,"column":97}}]},"9":{"type":"branch","line":74,"loc":{"start":{"line":74,"column":31},"end":{"line":74,"column":40}},"locations":[{"start":{"line":74,"column":31},"end":{"line":74,"column":40}}]},"10":{"type":"branch","line":74,"loc":{"start":{"line":74,"column":42},"end":{"line":76,"column":5}},"locations":[{"start":{"line":74,"column":42},"end":{"line":76,"column":5}}]},"11":{"type":"branch","line":77,"loc":{"start":{"line":77,"column":-1},"end":{"line":78,"column":38}},"locations":[{"start":{"line":77,"column":-1},"end":{"line":78,"column":38}}]},"12":{"type":"branch","line":78,"loc":{"start":{"line":78,"column":34},"end":{"line":78,"column":43}},"locations":[{"start":{"line":78,"column":34},"end":{"line":78,"column":43}}]},"13":{"type":"branch","line":78,"loc":{"start":{"line":78,"column":45},"end":{"line":80,"column":5}},"locations":[{"start":{"line":78,"column":45},"end":{"line":80,"column":5}}]},"14":{"type":"branch","line":81,"loc":{"start":{"line":81,"column":-1},"end":{"line":82,"column":19}},"locations":[{"start":{"line":81,"column":-1},"end":{"line":82,"column":19}}]},"15":{"type":"branch","line":82,"loc":{"start":{"line":82,"column":19},"end":{"line":84,"column":5}},"locations":[{"start":{"line":82,"column":19},"end":{"line":84,"column":5}}]},"16":{"type":"branch","line":83,"loc":{"start":{"line":83,"column":81},"end":{"line":83,"column":116}},"locations":[{"start":{"line":83,"column":81},"end":{"line":83,"column":116}}]},"17":{"type":"branch","line":85,"loc":{"start":{"line":85,"column":-1},"end":{"line":86,"column":2}},"locations":[{"start":{"line":85,"column":-1},"end":{"line":86,"column":2}}]}},"b":{"0":[31],"1":[0],"2":[0],"3":[30],"4":[28],"5":[2],"6":[29],"7":[28],"8":[2],"9":[11],"10":[6],"11":[25],"12":[13],"13":[13],"14":[12],"15":[3],"16":[0],"17":[9]},"fnMap":{"0":{"name":"getDerivDomain","decl":{"start":{"line":56,"column":30},"end":{"line":86,"column":2}},"loc":{"start":{"line":56,"column":30},"end":{"line":86,"column":2}},"line":56}},"f":{"0":31}}
}
