TN:
SF:src/components/shared/utils/routes/routes.ts
FN:56,getDerivDomain
FNF:1
FNH:1
FNDA:31,getDerivDomain
DA:1,1
DA:2,1
DA:3,1
DA:4,1
DA:5,1
DA:6,1
DA:7,1
DA:8,1
DA:9,1
DA:10,1
DA:11,1
DA:12,1
DA:13,1
DA:14,1
DA:15,1
DA:16,1
DA:17,1
DA:18,1
DA:19,1
DA:20,1
DA:21,1
DA:22,1
DA:23,1
DA:24,1
DA:25,1
DA:26,1
DA:27,1
DA:28,1
DA:29,1
DA:30,1
DA:31,1
DA:32,1
DA:33,1
DA:34,1
DA:35,1
DA:36,1
DA:37,1
DA:38,1
DA:39,1
DA:40,1
DA:41,1
DA:42,1
DA:43,1
DA:44,1
DA:45,1
DA:46,1
DA:47,1
DA:48,1
DA:49,1
DA:50,1
DA:51,1
DA:52,1
DA:53,1
DA:54,1
DA:55,1
DA:56,1
DA:57,31
DA:58,31
DA:59,31
DA:60,31
DA:61,31
DA:62,31
DA:63,31
DA:64,31
DA:65,31
DA:66,31
DA:67,31
DA:68,31
DA:69,31
DA:70,31
DA:71,31
DA:72,31
DA:73,31
DA:74,31
DA:75,6
DA:76,6
DA:77,25
DA:78,31
DA:79,13
DA:80,13
DA:81,12
DA:82,31
DA:83,3
DA:84,3
DA:85,9
DA:86,9
DA:87,1
DA:88,1
DA:89,1
DA:90,1
DA:91,1
DA:92,1
DA:93,1
DA:94,1
DA:95,1
DA:96,1
DA:97,1
DA:98,1
DA:99,1
DA:100,1
DA:101,1
DA:102,1
DA:103,1
DA:104,1
DA:105,1
DA:106,1
DA:107,1
DA:108,1
DA:109,1
DA:110,1
DA:111,1
DA:112,1
DA:113,1
DA:114,1
DA:115,1
DA:116,1
DA:117,1
DA:118,1
LF:118
LH:118
BRDA:56,0,0,31
BRDA:58,1,0,0
BRDA:58,2,0,0
BRDA:65,3,0,30
BRDA:67,4,0,28
BRDA:68,5,0,2
BRDA:69,6,0,29
BRDA:69,7,0,28
BRDA:69,8,0,2
BRDA:74,9,0,11
BRDA:74,10,0,6
BRDA:77,11,0,25
BRDA:78,12,0,13
BRDA:78,13,0,13
BRDA:81,14,0,12
BRDA:82,15,0,3
BRDA:83,16,0,0
BRDA:85,17,0,9
BRF:18
BRH:15
end_of_record
